[0.025s] Invoking command in '/home/jerry/lab1_ws/build/lab1_pkg': CMAKE_PREFIX_PATH=${CMAKE_PREFIX_PATH}:/home/jerry/ros2_ws/install/my_py_pkg:/opt/ros/humble /usr/bin/cmake --build /home/jerry/lab1_ws/build/lab1_pkg -- -j2 -l2
[0.093s] Built target ament_cmake_python_copy_lab1_pkg
[0.417s] running egg_info
[0.418s] writing lab1_pkg.egg-info/PKG-INFO
[0.418s] writing dependency_links to lab1_pkg.egg-info/dependency_links.txt
[0.418s] writing top-level names to lab1_pkg.egg-info/top_level.txt
[0.422s] reading manifest file 'lab1_pkg.egg-info/SOURCES.txt'
[0.422s] writing manifest file 'lab1_pkg.egg-info/SOURCES.txt'
[0.469s] Built target ament_cmake_python_build_lab1_pkg_egg
[0.487s] Invoked command in '/home/jerry/lab1_ws/build/lab1_pkg' returned '0': CMAKE_PREFIX_PATH=${CMAKE_PREFIX_PATH}:/home/jerry/ros2_ws/install/my_py_pkg:/opt/ros/humble /usr/bin/cmake --build /home/jerry/lab1_ws/build/lab1_pkg -- -j2 -l2
[0.534s] Invoking command in '/home/jerry/lab1_ws/build/lab1_pkg': CMAKE_PREFIX_PATH=${CMAKE_PREFIX_PATH}:/home/jerry/ros2_ws/install/my_py_pkg:/opt/ros/humble /usr/bin/cmake --install /home/jerry/lab1_ws/build/lab1_pkg
[0.544s] -- Install configuration: ""
[0.544s] -- Up-to-date: /home/jerry/lab1_ws/install/lab1_pkg/share/lab1_pkg/environment/pythonpath.sh
[0.545s] -- Up-to-date: /home/jerry/lab1_ws/install/lab1_pkg/share/lab1_pkg/environment/pythonpath.dsv
[0.546s] -- Up-to-date: /home/jerry/lab1_ws/install/lab1_pkg/local/lib/python3.10/dist-packages/lab1_pkg-0.0.0-py3.10.egg-info
[0.546s] -- Installing: /home/jerry/lab1_ws/install/lab1_pkg/local/lib/python3.10/dist-packages/lab1_pkg-0.0.0-py3.10.egg-info/top_level.txt
[0.546s] -- Installing: /home/jerry/lab1_ws/install/lab1_pkg/local/lib/python3.10/dist-packages/lab1_pkg-0.0.0-py3.10.egg-info/dependency_links.txt
[0.547s] -- Installing: /home/jerry/lab1_ws/install/lab1_pkg/local/lib/python3.10/dist-packages/lab1_pkg-0.0.0-py3.10.egg-info/PKG-INFO
[0.548s] -- Installing: /home/jerry/lab1_ws/install/lab1_pkg/local/lib/python3.10/dist-packages/lab1_pkg-0.0.0-py3.10.egg-info/SOURCES.txt
[0.548s] -- Up-to-date: /home/jerry/lab1_ws/install/lab1_pkg/local/lib/python3.10/dist-packages/lab1_pkg
[0.549s] -- Up-to-date: /home/jerry/lab1_ws/install/lab1_pkg/local/lib/python3.10/dist-packages/lab1_pkg/__init__.py
[0.584s] Listing '/home/jerry/lab1_ws/install/lab1_pkg/local/lib/python3.10/dist-packages/lab1_pkg'...
[0.590s] -- Installing: /home/jerry/lab1_ws/install/lab1_pkg/lib/lab1_pkg/talker.py
[0.592s] -- Up-to-date: /home/jerry/lab1_ws/install/lab1_pkg/share/ament_index/resource_index/package_run_dependencies/lab1_pkg
[0.592s] -- Up-to-date: /home/jerry/lab1_ws/install/lab1_pkg/share/ament_index/resource_index/parent_prefix_path/lab1_pkg
[0.592s] -- Up-to-date: /home/jerry/lab1_ws/install/lab1_pkg/share/lab1_pkg/environment/ament_prefix_path.sh
[0.592s] -- Up-to-date: /home/jerry/lab1_ws/install/lab1_pkg/share/lab1_pkg/environment/ament_prefix_path.dsv
[0.592s] -- Up-to-date: /home/jerry/lab1_ws/install/lab1_pkg/share/lab1_pkg/environment/path.sh
[0.592s] -- Up-to-date: /home/jerry/lab1_ws/install/lab1_pkg/share/lab1_pkg/environment/path.dsv
[0.593s] -- Up-to-date: /home/jerry/lab1_ws/install/lab1_pkg/share/lab1_pkg/local_setup.bash
[0.593s] -- Up-to-date: /home/jerry/lab1_ws/install/lab1_pkg/share/lab1_pkg/local_setup.sh
[0.593s] -- Up-to-date: /home/jerry/lab1_ws/install/lab1_pkg/share/lab1_pkg/local_setup.zsh
[0.593s] -- Up-to-date: /home/jerry/lab1_ws/install/lab1_pkg/share/lab1_pkg/local_setup.dsv
[0.593s] -- Installing: /home/jerry/lab1_ws/install/lab1_pkg/share/lab1_pkg/package.dsv
[0.593s] -- Up-to-date: /home/jerry/lab1_ws/install/lab1_pkg/share/ament_index/resource_index/packages/lab1_pkg
[0.593s] -- Up-to-date: /home/jerry/lab1_ws/install/lab1_pkg/share/lab1_pkg/cmake/lab1_pkgConfig.cmake
[0.593s] -- Up-to-date: /home/jerry/lab1_ws/install/lab1_pkg/share/lab1_pkg/cmake/lab1_pkgConfig-version.cmake
[0.593s] -- Up-to-date: /home/jerry/lab1_ws/install/lab1_pkg/share/lab1_pkg/package.xml
[0.597s] Invoked command in '/home/jerry/lab1_ws/build/lab1_pkg' returned '0': CMAKE_PREFIX_PATH=${CMAKE_PREFIX_PATH}:/home/jerry/ros2_ws/install/my_py_pkg:/opt/ros/humble /usr/bin/cmake --install /home/jerry/lab1_ws/build/lab1_pkg
