[0.045s] Invoking command in '/home/jerry/lab1_ws/build/lab1_pkg': CMAKE_PREFIX_PATH=${CMAKE_PREFIX_PATH}:/home/jerry/ros2_ws/install/my_py_pkg:/opt/ros/humble /usr/bin/cmake --build /home/jerry/lab1_ws/build/lab1_pkg -- -j2 -l2
[0.153s] Built target ament_cmake_python_copy_lab1_pkg
[0.771s] running egg_info
[0.773s] writing lab1_pkg.egg-info/PKG-INFO
[0.775s] writing dependency_links to lab1_pkg.egg-info/dependency_links.txt
[0.778s] writing top-level names to lab1_pkg.egg-info/top_level.txt
[0.784s] reading manifest file 'lab1_pkg.egg-info/SOURCES.txt'
[0.786s] writing manifest file 'lab1_pkg.egg-info/SOURCES.txt'
[0.841s] Built target ament_cmake_python_build_lab1_pkg_egg
[0.866s] Invoked command in '/home/jerry/lab1_ws/build/lab1_pkg' returned '0': CMAKE_PREFIX_PATH=${CMAKE_PREFIX_PATH}:/home/jerry/ros2_ws/install/my_py_pkg:/opt/ros/humble /usr/bin/cmake --build /home/jerry/lab1_ws/build/lab1_pkg -- -j2 -l2
[0.924s] Invoking command in '/home/jerry/lab1_ws/build/lab1_pkg': CMAKE_PREFIX_PATH=${CMAKE_PREFIX_PATH}:/home/jerry/ros2_ws/install/my_py_pkg:/opt/ros/humble /usr/bin/cmake --install /home/jerry/lab1_ws/build/lab1_pkg
[0.942s] -- Install configuration: ""
[0.948s] -- Up-to-date: /home/jerry/lab1_ws/install/lab1_pkg/share/lab1_pkg/environment/pythonpath.sh
[0.949s] -- Up-to-date: /home/jerry/lab1_ws/install/lab1_pkg/share/lab1_pkg/environment/pythonpath.dsv
[0.949s] -- Up-to-date: /home/jerry/lab1_ws/install/lab1_pkg/local/lib/python3.10/dist-packages/lab1_pkg-0.0.0-py3.10.egg-info
[0.950s] -- Installing: /home/jerry/lab1_ws/install/lab1_pkg/local/lib/python3.10/dist-packages/lab1_pkg-0.0.0-py3.10.egg-info/top_level.txt
[0.951s] -- Installing: /home/jerry/lab1_ws/install/lab1_pkg/local/lib/python3.10/dist-packages/lab1_pkg-0.0.0-py3.10.egg-info/dependency_links.txt
[0.952s] -- Installing: /home/jerry/lab1_ws/install/lab1_pkg/local/lib/python3.10/dist-packages/lab1_pkg-0.0.0-py3.10.egg-info/PKG-INFO
[0.953s] -- Installing: /home/jerry/lab1_ws/install/lab1_pkg/local/lib/python3.10/dist-packages/lab1_pkg-0.0.0-py3.10.egg-info/SOURCES.txt
[0.953s] -- Up-to-date: /home/jerry/lab1_ws/install/lab1_pkg/local/lib/python3.10/dist-packages/lab1_pkg
[0.954s] -- Up-to-date: /home/jerry/lab1_ws/install/lab1_pkg/local/lib/python3.10/dist-packages/lab1_pkg/__init__.py
[1.000s] Listing '/home/jerry/lab1_ws/install/lab1_pkg/local/lib/python3.10/dist-packages/lab1_pkg'...
[1.008s] -- Installing: /home/jerry/lab1_ws/install/lab1_pkg/lib/lab1_pkg/talker.py
[1.009s] -- Up-to-date: /home/jerry/lab1_ws/install/lab1_pkg/share/ament_index/resource_index/package_run_dependencies/lab1_pkg
[1.010s] -- Up-to-date: /home/jerry/lab1_ws/install/lab1_pkg/share/ament_index/resource_index/parent_prefix_path/lab1_pkg
[1.011s] -- Up-to-date: /home/jerry/lab1_ws/install/lab1_pkg/share/lab1_pkg/environment/ament_prefix_path.sh
[1.012s] -- Up-to-date: /home/jerry/lab1_ws/install/lab1_pkg/share/lab1_pkg/environment/ament_prefix_path.dsv
[1.013s] -- Up-to-date: /home/jerry/lab1_ws/install/lab1_pkg/share/lab1_pkg/environment/path.sh
[1.015s] -- Up-to-date: /home/jerry/lab1_ws/install/lab1_pkg/share/lab1_pkg/environment/path.dsv
[1.016s] -- Up-to-date: /home/jerry/lab1_ws/install/lab1_pkg/share/lab1_pkg/local_setup.bash
[1.016s] -- Up-to-date: /home/jerry/lab1_ws/install/lab1_pkg/share/lab1_pkg/local_setup.sh
[1.017s] -- Up-to-date: /home/jerry/lab1_ws/install/lab1_pkg/share/lab1_pkg/local_setup.zsh
[1.018s] -- Up-to-date: /home/jerry/lab1_ws/install/lab1_pkg/share/lab1_pkg/local_setup.dsv
[1.019s] -- Installing: /home/jerry/lab1_ws/install/lab1_pkg/share/lab1_pkg/package.dsv
[1.020s] -- Up-to-date: /home/jerry/lab1_ws/install/lab1_pkg/share/ament_index/resource_index/packages/lab1_pkg
[1.021s] -- Up-to-date: /home/jerry/lab1_ws/install/lab1_pkg/share/lab1_pkg/cmake/lab1_pkgConfig.cmake
[1.022s] -- Up-to-date: /home/jerry/lab1_ws/install/lab1_pkg/share/lab1_pkg/cmake/lab1_pkgConfig-version.cmake
[1.023s] -- Up-to-date: /home/jerry/lab1_ws/install/lab1_pkg/share/lab1_pkg/package.xml
[1.028s] Invoked command in '/home/jerry/lab1_ws/build/lab1_pkg' returned '0': CMAKE_PREFIX_PATH=${CMAKE_PREFIX_PATH}:/home/jerry/ros2_ws/install/my_py_pkg:/opt/ros/humble /usr/bin/cmake --install /home/jerry/lab1_ws/build/lab1_pkg
