-- Found ament_cmake: 1.3.8 (/opt/ros/humble/share/ament_cmake/cmake)
-- Found rclcpp: 16.0.8 (/opt/ros/humble/share/rclcpp/cmake)
-- Found rosidl_generator_c: 3.1.5 (/opt/ros/humble/share/rosidl_generator_c/cmake)
-- Found rosidl_adapter: 3.1.5 (/opt/ros/humble/share/rosidl_adapter/cmake)
-- Found rosidl_generator_cpp: 3.1.5 (/opt/ros/humble/share/rosidl_generator_cpp/cmake)
-- Using all available rosidl_typesupport_c: rosidl_typesupport_fastrtps_c;rosidl_typesupport_introspection_c
-- Using all available rosidl_typesupport_cpp: rosidl_typesupport_fastrtps_cpp;rosidl_typesupport_introspection_cpp
-- Found rmw_implementation_cmake: 6.1.1 (/opt/ros/humble/share/rmw_implementation_cmake/cmake)
-- Found rmw_fastrtps_cpp: 6.2.6 (/opt/ros/humble/share/rmw_fastrtps_cpp/cmake)
-- Using RMW implementation 'rmw_fastrtps_cpp' as default
-- Found rclpy: 3.3.12 (/opt/ros/humble/share/rclpy/cmake)
-- Found ackermann_msgs: 2.0.2 (/opt/ros/humble/share/ackermann_msgs/cmake)
-- Found ament_lint_auto: 0.12.10 (/opt/ros/humble/share/ament_lint_auto/cmake)
-- Added test 'flake8' to check Python code syntax and style conventions
-- Added test 'lint_cmake' to check CMake code style
-- Added test 'pep257' to check Python code against some of the docstring style conventions in PEP 257
-- Added test 'xmllint' to check XML markup files
-- Configuring done
-- Generating done
-- Build files have been written to: /home/jerry/lab1_ws/build/lab1_pkg
Built target ament_cmake_python_copy_lab1_pkg
running egg_info
creating lab1_pkg.egg-info
writing lab1_pkg.egg-info/PKG-INFO
writing dependency_links to lab1_pkg.egg-info/dependency_links.txt
writing top-level names to lab1_pkg.egg-info/top_level.txt
writing manifest file 'lab1_pkg.egg-info/SOURCES.txt'
reading manifest file 'lab1_pkg.egg-info/SOURCES.txt'
writing manifest file 'lab1_pkg.egg-info/SOURCES.txt'
Built target ament_cmake_python_build_lab1_pkg_egg
-- Install configuration: ""
-- Installing: /home/jerry/lab1_ws/install/lab1_pkg/share/lab1_pkg/environment/pythonpath.sh
-- Installing: /home/jerry/lab1_ws/install/lab1_pkg/share/lab1_pkg/environment/pythonpath.dsv
-- Installing: /home/jerry/lab1_ws/install/lab1_pkg/local/lib/python3.10/dist-packages/lab1_pkg-0.0.0-py3.10.egg-info
-- Installing: /home/jerry/lab1_ws/install/lab1_pkg/local/lib/python3.10/dist-packages/lab1_pkg-0.0.0-py3.10.egg-info/top_level.txt
-- Installing: /home/jerry/lab1_ws/install/lab1_pkg/local/lib/python3.10/dist-packages/lab1_pkg-0.0.0-py3.10.egg-info/dependency_links.txt
-- Installing: /home/jerry/lab1_ws/install/lab1_pkg/local/lib/python3.10/dist-packages/lab1_pkg-0.0.0-py3.10.egg-info/PKG-INFO
-- Installing: /home/jerry/lab1_ws/install/lab1_pkg/local/lib/python3.10/dist-packages/lab1_pkg-0.0.0-py3.10.egg-info/SOURCES.txt
-- Installing: /home/jerry/lab1_ws/install/lab1_pkg/local/lib/python3.10/dist-packages/lab1_pkg
-- Installing: /home/jerry/lab1_ws/install/lab1_pkg/local/lib/python3.10/dist-packages/lab1_pkg/__init__.py
Listing '/home/jerry/lab1_ws/install/lab1_pkg/local/lib/python3.10/dist-packages/lab1_pkg'...
Compiling '/home/jerry/lab1_ws/install/lab1_pkg/local/lib/python3.10/dist-packages/lab1_pkg/__init__.py'...
-- Installing: /home/jerry/lab1_ws/install/lab1_pkg/lib/lab1_pkg/talker.py
-- Up-to-date: /home/jerry/lab1_ws/install/lab1_pkg/share/ament_index/resource_index/package_run_dependencies/lab1_pkg
-- Installing: /home/jerry/lab1_ws/install/lab1_pkg/share/ament_index/resource_index/parent_prefix_path/lab1_pkg
-- Up-to-date: /home/jerry/lab1_ws/install/lab1_pkg/share/lab1_pkg/environment/ament_prefix_path.sh
-- Installing: /home/jerry/lab1_ws/install/lab1_pkg/share/lab1_pkg/environment/ament_prefix_path.dsv
-- Up-to-date: /home/jerry/lab1_ws/install/lab1_pkg/share/lab1_pkg/environment/path.sh
-- Installing: /home/jerry/lab1_ws/install/lab1_pkg/share/lab1_pkg/environment/path.dsv
-- Up-to-date: /home/jerry/lab1_ws/install/lab1_pkg/share/lab1_pkg/local_setup.bash
-- Installing: /home/jerry/lab1_ws/install/lab1_pkg/share/lab1_pkg/local_setup.sh
-- Up-to-date: /home/jerry/lab1_ws/install/lab1_pkg/share/lab1_pkg/local_setup.zsh
-- Installing: /home/jerry/lab1_ws/install/lab1_pkg/share/lab1_pkg/local_setup.dsv
-- Installing: /home/jerry/lab1_ws/install/lab1_pkg/share/lab1_pkg/package.dsv
-- Up-to-date: /home/jerry/lab1_ws/install/lab1_pkg/share/ament_index/resource_index/packages/lab1_pkg
-- Up-to-date: /home/jerry/lab1_ws/install/lab1_pkg/share/lab1_pkg/cmake/lab1_pkgConfig.cmake
-- Up-to-date: /home/jerry/lab1_ws/install/lab1_pkg/share/lab1_pkg/cmake/lab1_pkgConfig-version.cmake
-- Installing: /home/jerry/lab1_ws/install/lab1_pkg/share/lab1_pkg/package.xml
