Built target ament_cmake_python_copy_lab1_pkg
running egg_info
writing lab1_pkg.egg-info/PKG-INFO
writing dependency_links to lab1_pkg.egg-info/dependency_links.txt
writing top-level names to lab1_pkg.egg-info/top_level.txt
reading manifest file 'lab1_pkg.egg-info/SOURCES.txt'
writing manifest file 'lab1_pkg.egg-info/SOURCES.txt'
Built target ament_cmake_python_build_lab1_pkg_egg
-- Install configuration: ""
-- Up-to-date: /home/jerry/lab1_ws/install/lab1_pkg/share/lab1_pkg/environment/pythonpath.sh
-- Up-to-date: /home/jerry/lab1_ws/install/lab1_pkg/share/lab1_pkg/environment/pythonpath.dsv
-- Up-to-date: /home/jerry/lab1_ws/install/lab1_pkg/local/lib/python3.10/dist-packages/lab1_pkg-0.0.0-py3.10.egg-info
-- Installing: /home/jerry/lab1_ws/install/lab1_pkg/local/lib/python3.10/dist-packages/lab1_pkg-0.0.0-py3.10.egg-info/top_level.txt
-- Installing: /home/jerry/lab1_ws/install/lab1_pkg/local/lib/python3.10/dist-packages/lab1_pkg-0.0.0-py3.10.egg-info/dependency_links.txt
-- Installing: /home/jerry/lab1_ws/install/lab1_pkg/local/lib/python3.10/dist-packages/lab1_pkg-0.0.0-py3.10.egg-info/PKG-INFO
-- Installing: /home/jerry/lab1_ws/install/lab1_pkg/local/lib/python3.10/dist-packages/lab1_pkg-0.0.0-py3.10.egg-info/SOURCES.txt
-- Up-to-date: /home/jerry/lab1_ws/install/lab1_pkg/local/lib/python3.10/dist-packages/lab1_pkg
-- Up-to-date: /home/jerry/lab1_ws/install/lab1_pkg/local/lib/python3.10/dist-packages/lab1_pkg/__init__.py
Listing '/home/jerry/lab1_ws/install/lab1_pkg/local/lib/python3.10/dist-packages/lab1_pkg'...
-- Installing: /home/jerry/lab1_ws/install/lab1_pkg/lib/lab1_pkg/talker.py
-- Up-to-date: /home/jerry/lab1_ws/install/lab1_pkg/share/ament_index/resource_index/package_run_dependencies/lab1_pkg
-- Up-to-date: /home/jerry/lab1_ws/install/lab1_pkg/share/ament_index/resource_index/parent_prefix_path/lab1_pkg
-- Up-to-date: /home/jerry/lab1_ws/install/lab1_pkg/share/lab1_pkg/environment/ament_prefix_path.sh
-- Up-to-date: /home/jerry/lab1_ws/install/lab1_pkg/share/lab1_pkg/environment/ament_prefix_path.dsv
-- Up-to-date: /home/jerry/lab1_ws/install/lab1_pkg/share/lab1_pkg/environment/path.sh
-- Up-to-date: /home/jerry/lab1_ws/install/lab1_pkg/share/lab1_pkg/environment/path.dsv
-- Up-to-date: /home/jerry/lab1_ws/install/lab1_pkg/share/lab1_pkg/local_setup.bash
-- Up-to-date: /home/jerry/lab1_ws/install/lab1_pkg/share/lab1_pkg/local_setup.sh
-- Up-to-date: /home/jerry/lab1_ws/install/lab1_pkg/share/lab1_pkg/local_setup.zsh
-- Up-to-date: /home/jerry/lab1_ws/install/lab1_pkg/share/lab1_pkg/local_setup.dsv
-- Installing: /home/jerry/lab1_ws/install/lab1_pkg/share/lab1_pkg/package.dsv
-- Up-to-date: /home/jerry/lab1_ws/install/lab1_pkg/share/ament_index/resource_index/packages/lab1_pkg
-- Up-to-date: /home/jerry/lab1_ws/install/lab1_pkg/share/lab1_pkg/cmake/lab1_pkgConfig.cmake
-- Up-to-date: /home/jerry/lab1_ws/install/lab1_pkg/share/lab1_pkg/cmake/lab1_pkgConfig-version.cmake
-- Up-to-date: /home/jerry/lab1_ws/install/lab1_pkg/share/lab1_pkg/package.xml
